\BOOKMARK [1][-]{section.1}{\376\377\225\356\230\230\221\315\217\360}{}% 1
\BOOKMARK [2][-]{subsection.1.1}{\376\377\225\356\230\230\200\314\146\157}{section.1}% 2
\BOOKMARK [2][-]{subsection.1.2}{\376\377\225\356\230\230\143\320\121\372}{section.1}% 3
\BOOKMARK [1][-]{section.2}{\376\377\225\356\230\230\122\006\147\220}{}% 4
\BOOKMARK [1][-]{section.3}{\376\377\152\041\127\213\120\107\213\276\116\016\173\046\123\367\213\364\146\016}{}% 5
\BOOKMARK [2][-]{subsection.3.1}{\376\377\152\041\127\213\120\107\213\276}{section.3}% 6
\BOOKMARK [2][-]{subsection.3.2}{\376\377\173\046\123\367\213\364\146\016}{section.3}% 7
\BOOKMARK [1][-]{section.4}{\376\377\225\356\230\230\116\000\152\041\127\213\136\372\172\313\116\016\154\102\211\343}{}% 8
\BOOKMARK [2][-]{subsection.4.1}{\376\377\145\160\143\156\230\204\131\004\164\006}{section.4}% 9
\BOOKMARK [3][-]{subsubsection.4.1.1}{\376\377\137\002\136\070\120\074\131\004\164\006}{subsection.4.1}% 10
\BOOKMARK [3][-]{subsubsection.4.1.2}{\376\377\145\160\143\156\156\005\155\027\145\164\124\010}{subsection.4.1}% 11
\BOOKMARK [2][-]{subsection.4.2}{\376\377\225\000\125\056\221\317\166\204\122\006\136\003\211\304\137\213}{section.4}% 12
\BOOKMARK [3][-]{subsubsection.4.2.1}{\376\377\131\032\145\366\225\364\174\222\136\246\166\204\174\173\225\364\225\000\125\056\221\317\153\324\217\203}{subsection.4.2}% 13
\BOOKMARK [3][-]{subsubsection.4.2.2}{\376\377\000A\000R\000I\000M\000A\000\040\145\366\225\364\136\217\122\027\122\006\147\220\213\276\213\241}{subsection.4.2}% 14
\BOOKMARK [2][-]{subsection.4.3}{\376\377\225\000\125\056\221\317\166\204\166\370\116\222\121\163\174\373}{section.4}% 15
\BOOKMARK [3][-]{subsubsection.4.3.1}{\376\377\124\301\174\173\225\364\166\204\000P\000e\000a\000r\000s\000o\000n\124\214\000S\000p\000e\000a\000r\000m\000a\000n\166\370\121\163\174\373\145\160\122\006\147\220}{subsection.4.3}% 16
\BOOKMARK [3][-]{subsubsection.4.3.2}{\376\377\145\271\154\325\123\237\164\006\116\016\220\002\165\050\140\047}{subsection.4.3}% 17
\BOOKMARK [3][-]{subsubsection.4.3.3}{\376\377\122\006\147\220\155\101\172\013\213\276\213\241}{subsection.4.3}% 18
\BOOKMARK [3][-]{subsubsection.4.3.4}{\376\377\166\370\121\163\174\373\145\160\167\351\226\065}{subsection.4.3}% 19
\BOOKMARK [2][-]{subsection.4.4}{\376\377\123\125\124\301\200\132\174\173\122\006\147\220\377\032\177\244\117\123\162\171\137\201\116\016\121\163\174\373\122\006\176\304}{section.4}% 20
\BOOKMARK [3][-]{subsubsection.4.4.1}{\376\377\145\271\154\325\123\237\164\006\116\016\117\030\122\277}{subsection.4.4}% 21
\BOOKMARK [3][-]{subsubsection.4.4.2}{\376\377\122\006\147\220\155\101\172\013\213\276\213\241}{subsection.4.4}% 22
\BOOKMARK [3][-]{subsubsection.4.4.3}{\376\377\200\132\174\173\176\323\147\234\000\040\000\050\224\210\133\371\225\000\221\317\146\076\204\127\166\204\0003\0000\116\052\123\125\124\301\000\051}{subsection.4.4}% 23
